ISim log file
Running: /media/fazel/4600AC1600AC0ECD/Uni/CADS/mux_2x1/mux_2x1_isim_beh.exe -intstyle ise -gui -tclbatch isim.cmd -wdb /media/fazel/4600AC1600AC0ECD/Uni/CADS/mux_2x1/mux_2x1_isim_beh.wdb 
ISim P.20131013 (signature 0xfbc00daa)
This is a Full version of ISim.
Time resolution is 1 ps
# onerror resume
# wave add /
# run 1000 ns
Simulator is doing circuit initialization process.
Finished circuit initialization process.
# isim force add /mux_2x1/a 1 -radix bin -value 0 -radix bin -time 2500 ns -repeat 5 us
# isim force add /mux_2x1/b 0 -radix bin -value 1 -radix bin -time 5 us -repeat 10 us
# isim force add /mux_2x1/s 0 -radix bin -value 1 -radix bin -time 3500 ns -repeat 7 us
# run 1.00us
# run 1.00us
# run 1.00us
# run 1.00us
# run 1.00us
# run 1.00us
# run 1.00us
# run 1.00us
# run 1.00us
# run 1.00us
# run 1.00us
# run 1.00us
# run 1.00us
# exit 0
