ISim log file
Running: /media/fazel/4600AC1600AC0ECD/Uni/CADS/full_adder_behavioral/adder_1_bit/adder_1_bit_isim_beh.exe -intstyle ise -gui -tclbatch isim.cmd -wdb /media/fazel/4600AC1600AC0ECD/Uni/CADS/full_adder_behavioral/adder_1_bit/adder_1_bit_isim_beh.wdb 
ISim P.20131013 (signature 0xfbc00daa)
This is a Full version of ISim.
Time resolution is 1 ps
# onerror resume
# wave add /
# run 1000 ns
Simulator is doing circuit initialization process.
Finished circuit initialization process.
# isim force add /adder_1_bit/a 0 -radix bin -value 1 -radix bin -time 10 us -repeat 20 us
# isim force add /adder_1_bit/b 0 -radix bin -value 1 -radix bin -time 12500 ns -repeat 25 us
# isim force add /adder_1_bit/c 0 -radix bin -value 1 -radix bin -time 15 us -repeat 30 us
# run 1.00us
# run 1.00us
# run 1.00us
# run 1.00us
# run 1.00us
# run 1.00us
# run 1.00us
# run 1.00us
# run 1.00us
# run 1.00us
# run 1.00us
# run 1.00us
# run 1.00us
# run 1.00us
# run 1.00us
# run 1.00us
# run 1.00us
# run 1.00us
# run 1.00us
# run 1.00us
# run 1.00us
# run 1.00us
# exit 0
