ISim log file
Running: /media/fazel/4600AC1600AC0ECD/Uni/CADS/full_adder_4_bit/full_adder_4_bit_isim_beh.exe -intstyle ise -gui -tclbatch isim.cmd -wdb /media/fazel/4600AC1600AC0ECD/Uni/CADS/full_adder_4_bit/full_adder_4_bit_isim_beh.wdb 
ISim P.20131013 (signature 0xfbc00daa)
This is a Full version of ISim.
Time resolution is 1 ps
# onerror resume
# wave add /
# run 1000 ns
Simulator is doing circuit initialization process.
Finished circuit initialization process.
# isim force add /full_adder_4_bit/a 1 -radix bin
# isim force add /full_adder_4_bit/a 0000 -radix bin
# isim force add /full_adder_4_bit/b 0001 -radix bin
# isim force add /full_adder_4_bit/c 0 -radix bin
# run 1.00us
# run 1.00us
# run 1.00us
# run 1.00us
# isim force add /full_adder_4_bit/a a -radix hex
# isim force add /full_adder_4_bit/b 1 -radix hex
# run 1.00us
# run 1.00us
# run 1.00us
# isim force add /full_adder_4_bit/a b -radix hex
# isim force add /full_adder_4_bit/b 0 -radix bin
# run 1.00us
# run 1.00us
# isim force add /full_adder_4_bit/a c -radix hex
# isim force add /full_adder_4_bit/b 3 -radix hex
# run 1.00us
# run 1.00us
# run 1.00us
# isim force add /full_adder_4_bit/a e -radix hex
# isim force add /full_adder_4_bit/b f -radix hex
# run 1.00us
# run 1.00us
# exit 0
