Running: /opt/Xilinx/14.7/ISE_DS/ISE/bin/lin64/unwrapped/fuse -intstyle ise -incremental -lib secureip -o /media/fazel/4600AC1600AC0ECD/Uni/CADS/codes/reg/reg_isim_beh.exe -prj /media/fazel/4600AC1600AC0ECD/Uni/CADS/codes/reg/reg_beh.prj work.reg 
ISim P.20131013 (signature 0xfbc00daa)
Number of CPUs detected in this system: 8
Turning on mult-threading, number of parallel sub-compilation jobs: 16 
Determining compilation order of HDL files
Parsing VHDL file "/media/fazel/4600AC1600AC0ECD/Uni/CADS/codes/reg/Dlatch.vhd" into library work
Parsing VHDL file "/media/fazel/4600AC1600AC0ECD/Uni/CADS/codes/reg/DFF.vhd" into library work
Parsing VHDL file "/media/fazel/4600AC1600AC0ECD/Uni/CADS/codes/reg/reg.vhd" into library work
Starting static elaboration
Completed static elaboration
Fuse Memory Usage: 83084 KB
Fuse CPU Usage: 960 ms
Compiling package standard
Compiling package std_logic_1164
Compiling architecture structural of entity Dlatch [dlatch_default]
Compiling architecture structural of entity DFF [dff_default]
Compiling architecture structural of entity reg
Time Resolution for simulation is 1ps.
Compiled 7 VHDL Units
Built simulation executable /media/fazel/4600AC1600AC0ECD/Uni/CADS/codes/reg/reg_isim_beh.exe
Fuse Memory Usage: 1173116 KB
Fuse CPU Usage: 980 ms
GCC CPU Usage: 520 ms
