Running: /opt/Xilinx/14.7/ISE_DS/ISE/bin/lin64/unwrapped/fuse -intstyle ise -incremental -o /media/fazel/4600AC1600AC0ECD/Uni/CADS/codes/FSM/FSM_testbench_isim_beh.exe -prj /media/fazel/4600AC1600AC0ECD/Uni/CADS/codes/FSM/FSM_testbench_beh.prj work.FSM_testbench 
ISim P.20131013 (signature 0xfbc00daa)
Number of CPUs detected in this system: 8
Turning on mult-threading, number of parallel sub-compilation jobs: 16 
Determining compilation order of HDL files
Parsing VHDL file "/media/fazel/4600AC1600AC0ECD/Uni/CADS/codes/FSM/FSM.vhd" into library work
Parsing VHDL file "/media/fazel/4600AC1600AC0ECD/Uni/CADS/codes/FSM/FSM_testbench.vhd" into library work
Starting static elaboration
Completed static elaboration
Fuse Memory Usage: 83188 KB
Fuse CPU Usage: 890 ms
Compiling package standard
Compiling package std_logic_1164
Compiling architecture behavioral of entity FSM [\FSM(2)\]
Compiling architecture behavior of entity fsm_testbench
Time Resolution for simulation is 1ps.
Waiting for 1 sub-compilation(s) to finish...
Compiled 5 VHDL Units
Built simulation executable /media/fazel/4600AC1600AC0ECD/Uni/CADS/codes/FSM/FSM_testbench_isim_beh.exe
Fuse Memory Usage: 1173156 KB
Fuse CPU Usage: 900 ms
GCC CPU Usage: 160 ms
