Running: /opt/Xilinx/14.7/ISE_DS/ISE/bin/lin64/unwrapped/fuse -intstyle ise -incremental -lib secureip -o /media/fazel/4600AC1600AC0ECD/Uni/CADS/mux/mux_4x1/mux_4x1_isim_beh.exe -prj /media/fazel/4600AC1600AC0ECD/Uni/CADS/mux/mux_4x1/mux_4x1_beh.prj work.mux_4x1 
ISim P.20131013 (signature 0xfbc00daa)
Number of CPUs detected in this system: 8
Turning on mult-threading, number of parallel sub-compilation jobs: 16 
Determining compilation order of HDL files
Parsing VHDL file "/media/fazel/4600AC1600AC0ECD/Uni/CADS/mux/mux_4x1/mux_2x1.vhd" into library work
Parsing VHDL file "/media/fazel/4600AC1600AC0ECD/Uni/CADS/mux/mux_4x1/mux_4x1.vhd" into library work
Starting static elaboration
Completed static elaboration
Fuse Memory Usage: 83020 KB
Fuse CPU Usage: 840 ms
Compiling package standard
Compiling package std_logic_1164
Compiling architecture behavioral of entity mux_2x1 [mux_2x1_default]
Compiling architecture behavioral of entity mux_4x1
Time Resolution for simulation is 1ps.
Compiled 5 VHDL Units
Built simulation executable /media/fazel/4600AC1600AC0ECD/Uni/CADS/mux/mux_4x1/mux_4x1_isim_beh.exe
Fuse Memory Usage: 1173080 KB
Fuse CPU Usage: 860 ms
GCC CPU Usage: 440 ms
